[20250807_011640] index:0;amount:42;created
[20250807_011640] index:1;amount:54;created
[20250807_011640] index:2;amount:957;created
[20250807_011640] index:3;amount:432;created
[20250807_011640] index:4;amount:1234;created
[20250807_011640] index:5;amount:0;created
[20250807_011640] index:6;amount:754;created
[20250807_011640] index:7;amount:16576;created
[20250807_011640] accounts:8;total:20049;deposits:0;withdrawals:0
[20250807_011640] index:0;amount:42;deposits:0;withdrawals:0
[20250807_011640] index:1;amount:54;deposits:0;withdrawals:0
[20250807_011640] index:2;amount:957;deposits:0;withdrawals:0
[20250807_011640] index:3;amount:432;deposits:0;withdrawals:0
[20250807_011640] index:4;amount:1234;deposits:0;withdrawals:0
[20250807_011640] index:5;amount:0;deposits:0;withdrawals:0
[20250807_011640] index:6;amount:754;deposits:0;withdrawals:0
[20250807_011640] index:7;amount:16576;deposits:0;withdrawals:0
[20250807_011640] index:0;p_amount:42;deposit:5;amount47;nb_deposits:1
[20250807_011640] index:1;p_amount:54;deposit:765;amount819;nb_deposits:1
[20250807_011640] index:2;p_amount:957;deposit:564;amount1521;nb_deposits:1
[20250807_011640] index:3;p_amount:432;deposit:2;amount434;nb_deposits:1
[20250807_011640] index:4;p_amount:1234;deposit:87;amount1321;nb_deposits:1
[20250807_011640] index:5;p_amount:0;deposit:23;amount23;nb_deposits:1
[20250807_011640] index:6;p_amount:754;deposit:9;amount763;nb_deposits:1
[20250807_011640] index:7;p_amount:16576;deposit:20;amount16596;nb_deposits:1
[20250807_011640] accounts:8;total:21524;deposits:8;withdrawals:0
[20250807_011640] index:0;amount:47;deposits:1;withdrawals:0
[20250807_011640] index:1;amount:819;deposits:1;withdrawals:0
[20250807_011640] index:2;amount:1521;deposits:1;withdrawals:0
[20250807_011640] index:3;amount:434;deposits:1;withdrawals:0
[20250807_011640] index:4;amount:1321;deposits:1;withdrawals:0
[20250807_011640] index:5;amount:23;deposits:1;withdrawals:0
[20250807_011640] index:6;amount:763;deposits:1;withdrawals:0
[20250807_011640] index:7;amount:16596;deposits:1;withdrawals:0
[20250807_011640] index:0;p_amount47;withdrawal:0;amount:21524;nb_withdrawal:refused
[20250807_011640] index:1;p_amount785;withdrawal:1;amount:21490;nb_withdrawal:1
[20250807_011640] index:2;p_amount864;withdrawal:1;amount:20833;nb_withdrawal:2
[20250807_011640] index:3;p_amount430;withdrawal:1;amount:20829;nb_withdrawal:3
[20250807_011640] index:4;p_amount1245;withdrawal:1;amount:20753;nb_withdrawal:4
[20250807_011640] index:5;p_amount23;withdrawal:0;amount:20753;nb_withdrawal:refused
[20250807_011640] index:6;p_amount106;withdrawal:1;amount:20096;nb_withdrawal:5
[20250807_011640] index:7;p_amount8942;withdrawal:1;amount:12442;nb_withdrawal:6
[20250807_011640] accounts:8;total:12442;deposits:8;withdrawals:6
[20250807_011640] index:0;amount:47;deposits:1;withdrawals:0
[20250807_011640] index:1;amount:785;deposits:1;withdrawals:1
[20250807_011640] index:2;amount:864;deposits:1;withdrawals:1
[20250807_011640] index:3;amount:430;deposits:1;withdrawals:1
[20250807_011640] index:4;amount:1245;deposits:1;withdrawals:1
[20250807_011640] index:5;amount:23;deposits:1;withdrawals:0
[20250807_011640] index:6;amount:106;deposits:1;withdrawals:1
[20250807_011640] index:7;amount:8942;deposits:1;withdrawals:1
[20250807_011640] index:0;amount:47;deposits:1;closed
[20250807_011640] index:1;amount:785;deposits:1;closed
[20250807_011640] index:2;amount:864;deposits:1;closed
[20250807_011640] index:3;amount:430;deposits:1;closed
[20250807_011640] index:4;amount:1245;deposits:1;closed
[20250807_011640] index:5;amount:23;deposits:1;closed
[20250807_011640] index:6;amount:106;deposits:1;closed
[20250807_011640] index:7;amount:8942;deposits:1;closed
